<?xml version="1.0" encoding="UTF-8"?>
<!-- Generated by org.testng.reporters.JUnitReportReporter -->
<testsuite hostname="LAPTOP-42VQGDGQ" failures="0" tests="3" name="Jules.ai.Jules.ai.LoginFunctionality" time="67.324" errors="0" timestamp="2024-08-04T10:37:30 IST" skipped="0">
  <testcase classname="Jules.ai.Jules.ai.LoginFunctionality" name="Login_With_Valid_Credentials" time="26.155"/>
  <testcase classname="Jules.ai.Jules.ai.LoginFunctionality" name="Login_WithOut_Password" time="22.123"/>
  <testcase classname="Jules.ai.Jules.ai.LoginFunctionality" name="Login_With_Invalid_Email_Format" time="19.046"/>
</testsuite> <!-- Jules.ai.Jules.ai.LoginFunctionality -->
