<?xml version="1.0" encoding="UTF-8"?>
<!-- Generated by org.testng.reporters.JUnitReportReporter -->
<testsuite hostname="LAPTOP-42VQGDGQ" failures="0" tests="3" name="Jules.ai.Jules.ai.LoginFunctionality" time="122.208" errors="0" timestamp="2024-08-03T14:11:22 IST" skipped="0">
  <testcase classname="Jules.ai.Jules.ai.LoginFunctionality" name="LoginWithValidCredentials" time="59.377"/>
  <testcase classname="Jules.ai.Jules.ai.LoginFunctionality" name="LoginWithOutPassword" time="30.715"/>
  <testcase classname="Jules.ai.Jules.ai.LoginFunctionality" name="Login_With_Invalid_Email_Format" time="32.116"/>
</testsuite> <!-- Jules.ai.Jules.ai.LoginFunctionality -->
